<?xml version="1.0" encoding="UTF-8"?>
<testsuite name="agh.ii.prinjava.lab01.lst01_01.MainTest" tests="1" skipped="0" failures="0" errors="0" timestamp="2023-09-22T06:07:07" hostname="DESKTOP-6PA2FBV" time="0.018">
  <properties/>
  <testcase name="testIsEncapsulated()" classname="agh.ii.prinjava.lab01.lst01_01.MainTest" time="0.018"/>
  <system-out><![CDATA[]]></system-out>
  <system-err><![CDATA[]]></system-err>
</testsuite>
